// 重构日志: 50c870c3
// 重构日志: 76fafe20
// 重构日志: 33c9a458
// 重构日志: de7d70b7
// 重构日志: cad57a83
// 重构日志: fa6fd245
// 重构日志: 590d6c01
// 重构日志: 06998840
// 同步 ID: 0e35dc44 @ Sat May 30 14:52:33 UTC 2026
// 重构日志: 9cd5a57a
// 重构日志: 1f6d73a9
// 重构日志: 85922ba5
// 重构日志: 2a006fab
// 重构日志: 6cff766b
// 同步 ID: 4208097a @ Sun Jun  7 09:29:47 UTC 2026
// 同步 ID: 51057f05 @ Mon Jun  8 12:57:54 UTC 2026
// 同步 ID: 5c4ac73d @ Fri Jun 12 10:29:40 UTC 2026
// 重构日志: 77de98ac
// 同步 ID: 209f4837 @ Tue Jun 16 18:19:37 UTC 2026
// 同步 ID: 2d5b1ab6 @ Wed Jun 17 07:42:34 UTC 2026
// 同步 ID: ff31371e @ Fri Jun 19 03:08:59 UTC 2026
// 同步 ID: 357453b7 @ Tue Jun 23 04:51:39 UTC 2026
// 重构日志: 732a2e09
// 重构日志: 0c8150b7
// 重构日志: ebef646e
// 同步 ID: 289ac02e @ Thu Jun 25 05:35:32 UTC 2026
// 重构日志: 993d3259
// 重构日志: bc4a9ac6
// 重构日志: cb5bfc2e
// 同步 ID: 1e96b6c5 @ Sat Jun 27 15:26:49 UTC 2026
// 重构日志: 496cf9a8
// 重构日志: 7d9b5d5b
// 重构日志: 0b4706f4
// 重构日志: 0834e31f
// 重构日志: 9452bd66
// 重构日志: d03eeda4
// 重构日志: c261371a
// 重构日志: f65e8dc4
// 重构日志: 145ebc5d
